§14:18:50.059 [Test worker] ERROR stirling.software.common.aop.AutoJobAspect -- AutoJobAspect caught exception during job execution (attempt 1/2): First attempt failed
1java.lang.RuntimeException: First attempt failed
c	at stirling.software.common.aop.AutoJobAspect.lambda$executeWithRetries$2(AutoJobAspect.java:152)
“	at stirling.software.common.annotations.AutoJobPostMappingIntegrationTest.lambda$shouldRetryOnError$0(AutoJobPostMappingIntegrationTest.java:164)
c	at stirling.software.common.service.JobExecutorService.runJobGeneric(JobExecutorService.java:100)
Z	at stirling.software.common.aop.AutoJobAspect.executeWithRetries(AutoJobAspect.java:124)
[	at stirling.software.common.aop.AutoJobAspect.wrapWithJobExecution(AutoJobAspect.java:99)
Š	at stirling.software.common.annotations.AutoJobPostMappingIntegrationTest.shouldRetryOnError(AutoJobPostMappingIntegrationTest.java:168)
S	at java.base/jdk.internal.reflect.NativeMethodAccessorImpl.invoke0(Native Method)
e	at java.base/jdk.internal.reflect.NativeMethodAccessorImpl.invoke(NativeMethodAccessorImpl.java:77)
m	at java.base/jdk.internal.reflect.DelegatingMethodAccessorImpl.invoke(DelegatingMethodAccessorImpl.java:43)
?	at java.base/java.lang.reflect.Method.invoke(Method.java:569)
[	at org.junit.platform.commons.util.ReflectionUtils.invokeMethod(ReflectionUtils.java:775)
b	at org.junit.platform.commons.support.ReflectionSupport.invokeMethod(ReflectionSupport.java:479)
Z	at org.junit.jupiter.engine.execution.MethodInvocation.proceed(MethodInvocation.java:60)
„	at org.junit.jupiter.engine.execution.InvocationInterceptorChain$ValidatingInvocation.proceed(InvocationInterceptorChain.java:131)
]	at org.junit.jupiter.engine.extension.TimeoutExtension.intercept(TimeoutExtension.java:161)
k	at org.junit.jupiter.engine.extension.TimeoutExtension.interceptTestableMethod(TimeoutExtension.java:152)
f	at org.junit.jupiter.engine.extension.TimeoutExtension.interceptTestMethod(TimeoutExtension.java:91)
	at org.junit.jupiter.engine.execution.InterceptingExecutableInvoker$ReflectiveInterceptorCall.lambda$ofVoidMethod$0(InterceptingExecutableInvoker.java:112)
|	at org.junit.jupiter.engine.execution.InterceptingExecutableInvoker.lambda$invoke$0(InterceptingExecutableInvoker.java:94)
…	at org.junit.jupiter.engine.execution.InvocationInterceptorChain$InterceptedInvocation.proceed(InvocationInterceptorChain.java:106)
n	at org.junit.jupiter.engine.execution.InvocationInterceptorChain.proceed(InvocationInterceptorChain.java:64)
u	at org.junit.jupiter.engine.execution.InvocationInterceptorChain.chainAndInvoke(InvocationInterceptorChain.java:45)
m	at org.junit.jupiter.engine.execution.InvocationInterceptorChain.invoke(InvocationInterceptorChain.java:37)
s	at org.junit.jupiter.engine.execution.InterceptingExecutableInvoker.invoke(InterceptingExecutableInvoker.java:93)
s	at org.junit.jupiter.engine.execution.InterceptingExecutableInvoker.invoke(InterceptingExecutableInvoker.java:87)
~	at org.junit.jupiter.engine.descriptor.TestMethodTestDescriptor.lambda$invokeTestMethod$7(TestMethodTestDescriptor.java:216)
j	at org.junit.platform.engine.support.hierarchical.ThrowableCollector.execute(ThrowableCollector.java:73)
u	at org.junit.jupiter.engine.descriptor.TestMethodTestDescriptor.invokeTestMethod(TestMethodTestDescriptor.java:212)
l	at org.junit.jupiter.engine.descriptor.TestMethodTestDescriptor.execute(TestMethodTestDescriptor.java:137)
k	at org.junit.jupiter.engine.descriptor.TestMethodTestDescriptor.execute(TestMethodTestDescriptor.java:69)
s	at org.junit.platform.engine.support.hierarchical.NodeTestTask.lambda$executeRecursively$6(NodeTestTask.java:156)
j	at org.junit.platform.engine.support.hierarchical.ThrowableCollector.execute(ThrowableCollector.java:73)
s	at org.junit.platform.engine.support.hierarchical.NodeTestTask.lambda$executeRecursively$8(NodeTestTask.java:146)
N	at org.junit.platform.engine.support.hierarchical.Node.around(Node.java:137)
s	at org.junit.platform.engine.support.hierarchical.NodeTestTask.lambda$executeRecursively$9(NodeTestTask.java:144)
j	at org.junit.platform.engine.support.hierarchical.ThrowableCollector.execute(ThrowableCollector.java:73)
j	at org.junit.platform.engine.support.hierarchical.NodeTestTask.executeRecursively(NodeTestTask.java:143)
_	at org.junit.platform.engine.support.hierarchical.NodeTestTask.execute(NodeTestTask.java:100)
?	at java.base/java.util.ArrayList.forEach(ArrayList.java:1511)
š	at org.junit.platform.engine.support.hierarchical.SameThreadHierarchicalTestExecutorService.invokeAll(SameThreadHierarchicalTestExecutorService.java:41)
s	at org.junit.platform.engine.support.hierarchical.NodeTestTask.lambda$executeRecursively$6(NodeTestTask.java:160)
j	at org.junit.platform.engine.support.hierarchical.ThrowableCollector.execute(ThrowableCollector.java:73)
s	at org.junit.platform.engine.support.hierarchical.NodeTestTask.lambda$executeRecursively$8(NodeTestTask.java:146)
N	at org.junit.platform.engine.support.hierarchical.Node.around(Node.java:137)
s	at org.junit.platform.engine.support.hierarchical.NodeTestTask.lambda$executeRecursively$9(NodeTestTask.java:144)
j	at org.junit.platform.engine.support.hierarchical.ThrowableCollector.execute(ThrowableCollector.java:73)
j	at org.junit.platform.engine.support.hierarchical.NodeTestTask.executeRecursively(NodeTestTask.java:143)
_	at org.junit.platform.engine.support.hierarchical.NodeTestTask.execute(NodeTestTask.java:100)
?	at java.base/java.util.ArrayList.forEach(ArrayList.java:1511)
š	at org.junit.platform.engine.support.hierarchical.SameThreadHierarchicalTestExecutorService.invokeAll(SameThreadHierarchicalTestExecutorService.java:41)
s	at org.junit.platform.engine.support.hierarchical.NodeTestTask.lambda$executeRecursively$6(NodeTestTask.java:160)
j	at org.junit.platform.engine.support.hierarchical.ThrowableCollector.execute(ThrowableCollector.java:73)
s	at org.junit.platform.engine.support.hierarchical.NodeTestTask.lambda$executeRecursively$8(NodeTestTask.java:146)
N	at org.junit.platform.engine.support.hierarchical.Node.around(Node.java:137)
s	at org.junit.platform.engine.support.hierarchical.NodeTestTask.lambda$executeRecursively$9(NodeTestTask.java:144)
j	at org.junit.platform.engine.support.hierarchical.ThrowableCollector.execute(ThrowableCollector.java:73)
j	at org.junit.platform.engine.support.hierarchical.NodeTestTask.executeRecursively(NodeTestTask.java:143)
_	at org.junit.platform.engine.support.hierarchical.NodeTestTask.execute(NodeTestTask.java:100)
—	at org.junit.platform.engine.support.hierarchical.SameThreadHierarchicalTestExecutorService.submit(SameThreadHierarchicalTestExecutorService.java:35)
v	at org.junit.platform.engine.support.hierarchical.HierarchicalTestExecutor.execute(HierarchicalTestExecutor.java:57)
r	at org.junit.platform.engine.support.hierarchical.HierarchicalTestEngine.execute(HierarchicalTestEngine.java:54)
o	at org.junit.platform.launcher.core.EngineExecutionOrchestrator.execute(EngineExecutionOrchestrator.java:201)
o	at org.junit.platform.launcher.core.EngineExecutionOrchestrator.execute(EngineExecutionOrchestrator.java:170)
n	at org.junit.platform.launcher.core.EngineExecutionOrchestrator.execute(EngineExecutionOrchestrator.java:94)
w	at org.junit.platform.launcher.core.EngineExecutionOrchestrator.lambda$execute$0(EngineExecutionOrchestrator.java:59)
~	at org.junit.platform.launcher.core.EngineExecutionOrchestrator.withInterceptedStreams(EngineExecutionOrchestrator.java:142)
n	at org.junit.platform.launcher.core.EngineExecutionOrchestrator.execute(EngineExecutionOrchestrator.java:58)
W	at org.junit.platform.launcher.core.DefaultLauncher.execute(DefaultLauncher.java:103)
V	at org.junit.platform.launcher.core.DefaultLauncher.execute(DefaultLauncher.java:85)
\	at org.junit.platform.launcher.core.DelegatingLauncher.execute(DelegatingLauncher.java:47)
i	at org.junit.platform.launcher.core.InterceptingLauncher.lambda$execute$1(InterceptingLauncher.java:39)
”	at org.junit.platform.launcher.core.ClasspathAlignmentCheckingLauncherInterceptor.intercept(ClasspathAlignmentCheckingLauncherInterceptor.java:25)
`	at org.junit.platform.launcher.core.InterceptingLauncher.execute(InterceptingLauncher.java:38)
\	at org.junit.platform.launcher.core.DelegatingLauncher.execute(DelegatingLauncher.java:47)
¶	at org.gradle.api.internal.tasks.testing.junitplatform.JUnitPlatformTestClassProcessor$CollectAllTestClassesExecutor.processAllTestClasses(JUnitPlatformTestClassProcessor.java:124)
ª	at org.gradle.api.internal.tasks.testing.junitplatform.JUnitPlatformTestClassProcessor$CollectAllTestClassesExecutor.access$000(JUnitPlatformTestClassProcessor.java:99)
†	at org.gradle.api.internal.tasks.testing.junitplatform.JUnitPlatformTestClassProcessor.stop(JUnitPlatformTestClassProcessor.java:94)
h	at org.gradle.api.internal.tasks.testing.SuiteTestClassProcessor.stop(SuiteTestClassProcessor.java:63)
S	at java.base/jdk.internal.reflect.NativeMethodAccessorImpl.invoke0(Native Method)
e	at java.base/jdk.internal.reflect.NativeMethodAccessorImpl.invoke(NativeMethodAccessorImpl.java:77)
m	at java.base/jdk.internal.reflect.DelegatingMethodAccessorImpl.invoke(DelegatingMethodAccessorImpl.java:43)
?	at java.base/java.lang.reflect.Method.invoke(Method.java:569)
Y	at org.gradle.internal.dispatch.ReflectionDispatch.dispatch(ReflectionDispatch.java:36)
Y	at org.gradle.internal.dispatch.ReflectionDispatch.dispatch(ReflectionDispatch.java:24)
i	at org.gradle.internal.dispatch.ContextClassLoaderDispatch.dispatch(ContextClassLoaderDispatch.java:33)
x	at org.gradle.internal.dispatch.ProxyDispatchAdapter$DispatchingInvocationHandler.invoke(ProxyDispatchAdapter.java:92)
7	at jdk.proxy1/jdk.proxy1.$Proxy4.stop(Unknown Source)
W	at org.gradle.api.internal.tasks.testing.worker.TestWorker$3.run(TestWorker.java:200)
n	at org.gradle.api.internal.tasks.testing.worker.TestWorker.executeAndMaintainThreadName(TestWorker.java:132)
Y	at org.gradle.api.internal.tasks.testing.worker.TestWorker.execute(TestWorker.java:103)
X	at org.gradle.api.internal.tasks.testing.worker.TestWorker.execute(TestWorker.java:63)
j	at org.gradle.process.internal.worker.child.ActionExecutionWorker.execute(ActionExecutionWorker.java:56)
‚	at org.gradle.process.internal.worker.child.SystemApplicationClassLoaderWorker.call(SystemApplicationClassLoaderWorker.java:122)
	at org.gradle.process.internal.worker.child.SystemApplicationClassLoaderWorker.call(SystemApplicationClassLoaderWorker.java:72)
]	at worker.org.gradle.process.internal.worker.GradleWorkerMain.run(GradleWorkerMain.java:69)
^	at worker.org.gradle.process.internal.worker.GradleWorkerMain.main(GradleWorkerMain.java:74)
n14:18:50.064 [Test worker] INFO stirling.software.common.aop.AutoJobAspect -- Retrying operation, attempt 2/2
Ñ14:18:50.473 [Test worker] INFO org.apache.pdfbox.examples.util.DeletingRandomAccessFile -- Successfully deleted temp file: /var/folders/gb/1cfmwdw92j95zx7w1l0nkqq80000gp/T/pdf-bytes-1-2795073951789997073.tmp
Ò14:18:50.768 [Test worker] INFO org.apache.pdfbox.examples.util.DeletingRandomAccessFile -- Successfully deleted temp file: /var/folders/gb/1cfmwdw92j95zx7w1l0nkqq80000gp/T/pdf-bytes-2-13171704792305837025.tmp

Î14:18:50.894 [Test worker] INFO org.apache.pdfbox.examples.util.DeletingRandomAccessFile -- Successfully deleted temp file: /var/folders/gb/1cfmwdw92j95zx7w1l0nkqq80000gp/T/pdf-test-1058292486523672860.pdf
Î14:18:51.221 [Test worker] INFO org.apache.pdfbox.examples.util.DeletingRandomAccessFile -- Successfully deleted temp file: /var/folders/gb/1cfmwdw92j95zx7w1l0nkqq80000gp/T/pdf-test-7104654519593359122.pdf
Ò14:18:51.458 [Test worker] INFO org.apache.pdfbox.examples.util.DeletingRandomAccessFile -- Successfully deleted temp file: /var/folders/gb/1cfmwdw92j95zx7w1l0nkqq80000gp/T/pdf-stream-4-7118959570361087265.tmp
Ò14:18:51.759 [Test worker] INFO org.apache.pdfbox.examples.util.DeletingRandomAccessFile -- Successfully deleted temp file: /var/folders/gb/1cfmwdw92j95zx7w1l0nkqq80000gp/T/pdf-stream-5-2610007337738813844.tmp
Ò14:18:51.930 [Test worker] INFO org.apache.pdfbox.examples.util.DeletingRandomAccessFile -- Successfully deleted temp file: /var/folders/gb/1cfmwdw92j95zx7w1l0nkqq80000gp/T/pdf-stream-7-1234894752339344446.tmp
Ò14:18:52.243 [Test worker] INFO org.apache.pdfbox.examples.util.DeletingRandomAccessFile -- Successfully deleted temp file: /var/folders/gb/1cfmwdw92j95zx7w1l0nkqq80000gp/T/pdf-stream-8-1763139093258726694.tmp
Ô14:18:52.425 [Test worker] INFO org.apache.pdfbox.examples.util.DeletingRandomAccessFile -- Successfully deleted temp file: /var/folders/gb/1cfmwdw92j95zx7w1l0nkqq80000gp/T/pdf-stream-10-15277035498602939785.tmp
Ó14:18:52.745 [Test worker] INFO org.apache.pdfbox.examples.util.DeletingRandomAccessFile -- Successfully deleted temp file: /var/folders/gb/1cfmwdw92j95zx7w1l0nkqq80000gp/T/pdf-stream-11-2977861171095933755.tmp
)(„14:18:52.803 [Test worker] ERROR stirling.software.common.service.JobExecutorService -- Error executing synchronous job: Test error
)('java.lang.RuntimeException: Test error
)(	at stirling.software.common.service.JobExecutorServiceTest.lambda$shouldHandleSyncJobError$2(JobExecutorServiceTest.java:117)
)(l	at stirling.software.common.service.JobExecutorService.lambda$runJobGeneric$3(JobExecutorService.java:197)
)(b	at java.base/java.util.concurrent.CompletableFuture$AsyncSupply.run(CompletableFuture.java:1768)
)(^	at java.base/java.util.concurrent.ThreadPoolExecutor.runWorker(ThreadPoolExecutor.java:1136)
)(^	at java.base/java.util.concurrent.ThreadPoolExecutor$Worker.run(ThreadPoolExecutor.java:635)
)(4	at java.base/java.lang.Thread.run(Thread.java:840)
BHz14:18:52.932 [Test worker] INFO stirling.software.common.service.TaskManager -- Shutting down job result cleanup executor
BKq14:18:52.935 [Test worker] INFO stirling.software.common.service.TaskManager -- Cleaned up 1 expired job results
BL14:18:52.936 [Test worker] WARN stirling.software.common.service.TaskManager -- Attempted to add note to non-existent job ID: non-existent-job
OQ„14:18:53.062 [Test worker] INFO stirling.software.common.service.TempFileCleanupService -- Running scheduled temporary file cleanup
OQƒ14:18:53.062 [Test worker] INFO stirling.software.common.service.TempFileCleanupService -- Cleaned up 5 registered temporary files
OQ·14:18:53.064 [Test worker] INFO stirling.software.common.service.TempFileCleanupService -- Scheduled cleanup complete. Deleted 5 registered files, 0 unregistered files, 0 directories
OR‡Deleted files: [/var/folders/gb/1cfmwdw92j95zx7w1l0nkqq80000gp/T/junit-4549484145174123438/systemTemp/dir1/dir2/dir3/output_old_3.pdf]
ORƒLooking for: /var/folders/gb/1cfmwdw92j95zx7w1l0nkqq80000gp/T/junit-4549484145174123438/systemTemp/dir1/dir2/dir3/output_old_3.pdf
oq14:18:53.250 [Test worker] WARN stirling.software.common.util.EmlToPdf -- Initial HTML to PDF conversion failed, trying with simplified HTML
oq{14:18:53.251 [Test worker] ERROR stirling.software.common.util.EmlToPdf -- Failed to convert EML to PDF for file: test.eml
oq'java.io.IOException: Conversion failed
oqP	at stirling.software.common.util.FileToPdf.convertHtmlToPdf(FileToPdf.java:33)
oqO	at stirling.software.common.util.EmlToPdf.convertHtmlToPdf(EmlToPdf.java:216)
oqN	at stirling.software.common.util.EmlToPdf.convertEmlToPdf(EmlToPdf.java:157)
oq	at stirling.software.common.util.EmlToPdfTest$PdfConversionTests.lambda$handleErrorsDuringConversion$6(EmlToPdfTest.java:674)
oqJ	at org.junit.jupiter.api.AssertThrows.assertThrows(AssertThrows.java:53)
oqJ	at org.junit.jupiter.api.AssertThrows.assertThrows(AssertThrows.java:35)
oqH	at org.junit.jupiter.api.Assertions.assertThrows(Assertions.java:3128)
oqv	at stirling.software.common.util.EmlToPdfTest$PdfConversionTests.handleErrorsDuringConversion(EmlToPdfTest.java:672)
oqS	at java.base/jdk.internal.reflect.NativeMethodAccessorImpl.invoke0(Native Method)
oqe	at java.base/jdk.internal.reflect.NativeMethodAccessorImpl.invoke(NativeMethodAccessorImpl.java:77)
oqm	at java.base/jdk.internal.reflect.DelegatingMethodAccessorImpl.invoke(DelegatingMethodAccessorImpl.java:43)
oq?	at java.base/java.lang.reflect.Method.invoke(Method.java:569)
oq[	at org.junit.platform.commons.util.ReflectionUtils.invokeMethod(ReflectionUtils.java:775)
oqb	at org.junit.platform.commons.support.ReflectionSupport.invokeMethod(ReflectionSupport.java:479)
oqZ	at org.junit.jupiter.engine.execution.MethodInvocation.proceed(MethodInvocation.java:60)
oq„	at org.junit.jupiter.engine.execution.InvocationInterceptorChain$ValidatingInvocation.proceed(InvocationInterceptorChain.java:131)
oq]	at org.junit.jupiter.engine.extension.TimeoutExtension.intercept(TimeoutExtension.java:161)
oqk	at org.junit.jupiter.engine.extension.TimeoutExtension.interceptTestableMethod(TimeoutExtension.java:152)
oqf	at org.junit.jupiter.engine.extension.TimeoutExtension.interceptTestMethod(TimeoutExtension.java:91)
oq	at org.junit.jupiter.engine.execution.InterceptingExecutableInvoker$ReflectiveInterceptorCall.lambda$ofVoidMethod$0(InterceptingExecutableInvoker.java:112)
oq|	at org.junit.jupiter.engine.execution.InterceptingExecutableInvoker.lambda$invoke$0(InterceptingExecutableInvoker.java:94)
oq…	at org.junit.jupiter.engine.execution.InvocationInterceptorChain$InterceptedInvocation.proceed(InvocationInterceptorChain.java:106)
oqn	at org.junit.jupiter.engine.execution.InvocationInterceptorChain.proceed(InvocationInterceptorChain.java:64)
oqu	at org.junit.jupiter.engine.execution.InvocationInterceptorChain.chainAndInvoke(InvocationInterceptorChain.java:45)
oqm	at org.junit.jupiter.engine.execution.InvocationInterceptorChain.invoke(InvocationInterceptorChain.java:37)
oqs	at org.junit.jupiter.engine.execution.InterceptingExecutableInvoker.invoke(InterceptingExecutableInvoker.java:93)
oqs	at org.junit.jupiter.engine.execution.InterceptingExecutableInvoker.invoke(InterceptingExecutableInvoker.java:87)
oq~	at org.junit.jupiter.engine.descriptor.TestMethodTestDescriptor.lambda$invokeTestMethod$7(TestMethodTestDescriptor.java:216)
oqj	at org.junit.platform.engine.support.hierarchical.ThrowableCollector.execute(ThrowableCollector.java:73)
oqu	at org.junit.jupiter.engine.descriptor.TestMethodTestDescriptor.invokeTestMethod(TestMethodTestDescriptor.java:212)
oql	at org.junit.jupiter.engine.descriptor.TestMethodTestDescriptor.execute(TestMethodTestDescriptor.java:137)
oqk	at org.junit.jupiter.engine.descriptor.TestMethodTestDescriptor.execute(TestMethodTestDescriptor.java:69)
oqs	at org.junit.platform.engine.support.hierarchical.NodeTestTask.lambda$executeRecursively$6(NodeTestTask.java:156)
oqj	at org.junit.platform.engine.support.hierarchical.ThrowableCollector.execute(ThrowableCollector.java:73)
oqs	at org.junit.platform.engine.support.hierarchical.NodeTestTask.lambda$executeRecursively$8(NodeTestTask.java:146)
oqN	at org.junit.platform.engine.support.hierarchical.Node.around(Node.java:137)
oqs	at org.junit.platform.engine.support.hierarchical.NodeTestTask.lambda$executeRecursively$9(NodeTestTask.java:144)
oqj	at org.junit.platform.engine.support.hierarchical.ThrowableCollector.execute(ThrowableCollector.java:73)
oqj	at org.junit.platform.engine.support.hierarchical.NodeTestTask.executeRecursively(NodeTestTask.java:143)
oq_	at org.junit.platform.engine.support.hierarchical.NodeTestTask.execute(NodeTestTask.java:100)
oq?	at java.base/java.util.ArrayList.forEach(ArrayList.java:1511)
oqš	at org.junit.platform.engine.support.hierarchical.SameThreadHierarchicalTestExecutorService.invokeAll(SameThreadHierarchicalTestExecutorService.java:41)
oqs	at org.junit.platform.engine.support.hierarchical.NodeTestTask.lambda$executeRecursively$6(NodeTestTask.java:160)
oqj	at org.junit.platform.engine.support.hierarchical.ThrowableCollector.execute(ThrowableCollector.java:73)
oqs	at org.junit.platform.engine.support.hierarchical.NodeTestTask.lambda$executeRecursively$8(NodeTestTask.java:146)
oqN	at org.junit.platform.engine.support.hierarchical.Node.around(Node.java:137)
oqs	at org.junit.platform.engine.support.hierarchical.NodeTestTask.lambda$executeRecursively$9(NodeTestTask.java:144)
oqj	at org.junit.platform.engine.support.hierarchical.ThrowableCollector.execute(ThrowableCollector.java:73)
oqj	at org.junit.platform.engine.support.hierarchical.NodeTestTask.executeRecursively(NodeTestTask.java:143)
oq_	at org.junit.platform.engine.support.hierarchical.NodeTestTask.execute(NodeTestTask.java:100)
oq?	at java.base/java.util.ArrayList.forEach(ArrayList.java:1511)
oqš	at org.junit.platform.engine.support.hierarchical.SameThreadHierarchicalTestExecutorService.invokeAll(SameThreadHierarchicalTestExecutorService.java:41)
oqs	at org.junit.platform.engine.support.hierarchical.NodeTestTask.lambda$executeRecursively$6(NodeTestTask.java:160)
oqj	at org.junit.platform.engine.support.hierarchical.ThrowableCollector.execute(ThrowableCollector.java:73)
oqs	at org.junit.platform.engine.support.hierarchical.NodeTestTask.lambda$executeRecursively$8(NodeTestTask.java:146)
oqN	at org.junit.platform.engine.support.hierarchical.Node.around(Node.java:137)
oqs	at org.junit.platform.engine.support.hierarchical.NodeTestTask.lambda$executeRecursively$9(NodeTestTask.java:144)
oqj	at org.junit.platform.engine.support.hierarchical.ThrowableCollector.execute(ThrowableCollector.java:73)
oqj	at org.junit.platform.engine.support.hierarchical.NodeTestTask.executeRecursively(NodeTestTask.java:143)
oq_	at org.junit.platform.engine.support.hierarchical.NodeTestTask.execute(NodeTestTask.java:100)
oq?	at java.base/java.util.ArrayList.forEach(ArrayList.java:1511)
oqš	at org.junit.platform.engine.support.hierarchical.SameThreadHierarchicalTestExecutorService.invokeAll(SameThreadHierarchicalTestExecutorService.java:41)
oqs	at org.junit.platform.engine.support.hierarchical.NodeTestTask.lambda$executeRecursively$6(NodeTestTask.java:160)
oqj	at org.junit.platform.engine.support.hierarchical.ThrowableCollector.execute(ThrowableCollector.java:73)
oqs	at org.junit.platform.engine.support.hierarchical.NodeTestTask.lambda$executeRecursively$8(NodeTestTask.java:146)
oqN	at org.junit.platform.engine.support.hierarchical.Node.around(Node.java:137)
oqs	at org.junit.platform.engine.support.hierarchical.NodeTestTask.lambda$executeRecursively$9(NodeTestTask.java:144)
oqj	at org.junit.platform.engine.support.hierarchical.ThrowableCollector.execute(ThrowableCollector.java:73)
oqj	at org.junit.platform.engine.support.hierarchical.NodeTestTask.executeRecursively(NodeTestTask.java:143)
oq_	at org.junit.platform.engine.support.hierarchical.NodeTestTask.execute(NodeTestTask.java:100)
oq—	at org.junit.platform.engine.support.hierarchical.SameThreadHierarchicalTestExecutorService.submit(SameThreadHierarchicalTestExecutorService.java:35)
oqv	at org.junit.platform.engine.support.hierarchical.HierarchicalTestExecutor.execute(HierarchicalTestExecutor.java:57)
oqr	at org.junit.platform.engine.support.hierarchical.HierarchicalTestEngine.execute(HierarchicalTestEngine.java:54)
oqo	at org.junit.platform.launcher.core.EngineExecutionOrchestrator.execute(EngineExecutionOrchestrator.java:201)
oqo	at org.junit.platform.launcher.core.EngineExecutionOrchestrator.execute(EngineExecutionOrchestrator.java:170)
oqn	at org.junit.platform.launcher.core.EngineExecutionOrchestrator.execute(EngineExecutionOrchestrator.java:94)
oqw	at org.junit.platform.launcher.core.EngineExecutionOrchestrator.lambda$execute$0(EngineExecutionOrchestrator.java:59)
oq~	at org.junit.platform.launcher.core.EngineExecutionOrchestrator.withInterceptedStreams(EngineExecutionOrchestrator.java:142)
oqn	at org.junit.platform.launcher.core.EngineExecutionOrchestrator.execute(EngineExecutionOrchestrator.java:58)
oqW	at org.junit.platform.launcher.core.DefaultLauncher.execute(DefaultLauncher.java:103)
oqV	at org.junit.platform.launcher.core.DefaultLauncher.execute(DefaultLauncher.java:85)
oq\	at org.junit.platform.launcher.core.DelegatingLauncher.execute(DelegatingLauncher.java:47)
oqi	at org.junit.platform.launcher.core.InterceptingLauncher.lambda$execute$1(InterceptingLauncher.java:39)
oq”	at org.junit.platform.launcher.core.ClasspathAlignmentCheckingLauncherInterceptor.intercept(ClasspathAlignmentCheckingLauncherInterceptor.java:25)
oq`	at org.junit.platform.launcher.core.InterceptingLauncher.execute(InterceptingLauncher.java:38)
oq\	at org.junit.platform.launcher.core.DelegatingLauncher.execute(DelegatingLauncher.java:47)
oq¶	at org.gradle.api.internal.tasks.testing.junitplatform.JUnitPlatformTestClassProcessor$CollectAllTestClassesExecutor.processAllTestClasses(JUnitPlatformTestClassProcessor.java:124)
oqª	at org.gradle.api.internal.tasks.testing.junitplatform.JUnitPlatformTestClassProcessor$CollectAllTestClassesExecutor.access$000(JUnitPlatformTestClassProcessor.java:99)
oq†	at org.gradle.api.internal.tasks.testing.junitplatform.JUnitPlatformTestClassProcessor.stop(JUnitPlatformTestClassProcessor.java:94)
oqh	at org.gradle.api.internal.tasks.testing.SuiteTestClassProcessor.stop(SuiteTestClassProcessor.java:63)
oqS	at java.base/jdk.internal.reflect.NativeMethodAccessorImpl.invoke0(Native Method)
oqe	at java.base/jdk.internal.reflect.NativeMethodAccessorImpl.invoke(NativeMethodAccessorImpl.java:77)
oqm	at java.base/jdk.internal.reflect.DelegatingMethodAccessorImpl.invoke(DelegatingMethodAccessorImpl.java:43)
oq?	at java.base/java.lang.reflect.Method.invoke(Method.java:569)
oqY	at org.gradle.internal.dispatch.ReflectionDispatch.dispatch(ReflectionDispatch.java:36)
oqY	at org.gradle.internal.dispatch.ReflectionDispatch.dispatch(ReflectionDispatch.java:24)
oqi	at org.gradle.internal.dispatch.ContextClassLoaderDispatch.dispatch(ContextClassLoaderDispatch.java:33)
oqx	at org.gradle.internal.dispatch.ProxyDispatchAdapter$DispatchingInvocationHandler.invoke(ProxyDispatchAdapter.java:92)
oq7	at jdk.proxy1/jdk.proxy1.$Proxy4.stop(Unknown Source)
oqW	at org.gradle.api.internal.tasks.testing.worker.TestWorker$3.run(TestWorker.java:200)
oqn	at org.gradle.api.internal.tasks.testing.worker.TestWorker.executeAndMaintainThreadName(TestWorker.java:132)
oqY	at org.gradle.api.internal.tasks.testing.worker.TestWorker.execute(TestWorker.java:103)
oqX	at org.gradle.api.internal.tasks.testing.worker.TestWorker.execute(TestWorker.java:63)
oqj	at org.gradle.process.internal.worker.child.ActionExecutionWorker.execute(ActionExecutionWorker.java:56)
oq‚	at org.gradle.process.internal.worker.child.SystemApplicationClassLoaderWorker.call(SystemApplicationClassLoaderWorker.java:122)
oq	at org.gradle.process.internal.worker.child.SystemApplicationClassLoaderWorker.call(SystemApplicationClassLoaderWorker.java:72)
oq]	at worker.org.gradle.process.internal.worker.GradleWorkerMain.run(GradleWorkerMain.java:69)
oq^	at worker.org.gradle.process.internal.worker.GradleWorkerMain.main(GradleWorkerMain.java:74)
¯14:18:53.337 [Test worker] INFO stirling.software.common.util.FileMonitor -- Monitoring directory: /var/folders/gb/1cfmwdw92j95zx7w1l0nkqq80000gp/T/junit-14693685382491295062
Ÿ®14:18:53.344 [Test worker] INFO stirling.software.common.util.FileMonitor -- Monitoring directory: /var/folders/gb/1cfmwdw92j95zx7w1l0nkqq80000gp/T/junit-1731859394886218938
Ÿ®14:18:53.345 [Test worker] INFO stirling.software.common.util.FileMonitor -- Monitoring directory: /var/folders/gb/1cfmwdw92j95zx7w1l0nkqq80000gp/T/junit-1731859394886218938
 ¯14:18:53.346 [Test worker] INFO stirling.software.common.util.FileMonitor -- Monitoring directory: /var/folders/gb/1cfmwdw92j95zx7w1l0nkqq80000gp/T/junit-14442097304737131304
¡¯14:18:53.348 [Test worker] INFO stirling.software.common.util.FileMonitor -- Monitoring directory: /var/folders/gb/1cfmwdw92j95zx7w1l0nkqq80000gp/T/junit-17451424936957134757
¡Ê14:18:53.348 [Test worker] INFO stirling.software.common.util.FileMonitor -- Timestamp check failed for /var/folders/gb/1cfmwdw92j95zx7w1l0nkqq80000gp/T/junit-17451424936957134757/non-existent-file.txt
¡…java.nio.file.NoSuchFileException: /var/folders/gb/1cfmwdw92j95zx7w1l0nkqq80000gp/T/junit-17451424936957134757/non-existent-file.txt
¡U	at java.base/sun.nio.fs.UnixException.translateToIOException(UnixException.java:92)
¡T	at java.base/sun.nio.fs.UnixException.rethrowAsIOException(UnixException.java:106)
¡T	at java.base/sun.nio.fs.UnixException.rethrowAsIOException(UnixException.java:111)
¡e	at java.base/sun.nio.fs.UnixFileAttributeViews$Basic.readAttributes(UnixFileAttributeViews.java:55)
¡`	at java.base/sun.nio.fs.UnixFileSystemProvider.readAttributes(UnixFileSystemProvider.java:148)
¡B	at java.base/java.nio.file.Files.readAttributes(Files.java:1851)
¡G	at java.base/java.nio.file.Files.getLastModifiedTime(Files.java:2402)
¡]	at stirling.software.common.util.FileMonitor.isFileReadyForProcessing(FileMonitor.java:176)
¡x	at stirling.software.common.util.FileMonitorTest.testIsFileReadyForProcessing_NonExistentFile(FileMonitorTest.java:78)
¡S	at java.base/jdk.internal.reflect.NativeMethodAccessorImpl.invoke0(Native Method)
¡e	at java.base/jdk.internal.reflect.NativeMethodAccessorImpl.invoke(NativeMethodAccessorImpl.java:77)
¡m	at java.base/jdk.internal.reflect.DelegatingMethodAccessorImpl.invoke(DelegatingMethodAccessorImpl.java:43)
¡?	at java.base/java.lang.reflect.Method.invoke(Method.java:569)
¡[	at org.junit.platform.commons.util.ReflectionUtils.invokeMethod(ReflectionUtils.java:775)
¡b	at org.junit.platform.commons.support.ReflectionSupport.invokeMethod(ReflectionSupport.java:479)
¡Z	at org.junit.jupiter.engine.execution.MethodInvocation.proceed(MethodInvocation.java:60)
¡„	at org.junit.jupiter.engine.execution.InvocationInterceptorChain$ValidatingInvocation.proceed(InvocationInterceptorChain.java:131)
¡]	at org.junit.jupiter.engine.extension.TimeoutExtension.intercept(TimeoutExtension.java:161)
¡k	at org.junit.jupiter.engine.extension.TimeoutExtension.interceptTestableMethod(TimeoutExtension.java:152)
¡f	at org.junit.jupiter.engine.extension.TimeoutExtension.interceptTestMethod(TimeoutExtension.java:91)
¡	at org.junit.jupiter.engine.execution.InterceptingExecutableInvoker$ReflectiveInterceptorCall.lambda$ofVoidMethod$0(InterceptingExecutableInvoker.java:112)
¡|	at org.junit.jupiter.engine.execution.InterceptingExecutableInvoker.lambda$invoke$0(InterceptingExecutableInvoker.java:94)
¡…	at org.junit.jupiter.engine.execution.InvocationInterceptorChain$InterceptedInvocation.proceed(InvocationInterceptorChain.java:106)
¡n	at org.junit.jupiter.engine.execution.InvocationInterceptorChain.proceed(InvocationInterceptorChain.java:64)
¡u	at org.junit.jupiter.engine.execution.InvocationInterceptorChain.chainAndInvoke(InvocationInterceptorChain.java:45)
¡m	at org.junit.jupiter.engine.execution.InvocationInterceptorChain.invoke(InvocationInterceptorChain.java:37)
¡s	at org.junit.jupiter.engine.execution.InterceptingExecutableInvoker.invoke(InterceptingExecutableInvoker.java:93)
¡s	at org.junit.jupiter.engine.execution.InterceptingExecutableInvoker.invoke(InterceptingExecutableInvoker.java:87)
¡~	at org.junit.jupiter.engine.descriptor.TestMethodTestDescriptor.lambda$invokeTestMethod$7(TestMethodTestDescriptor.java:216)
¡j	at org.junit.platform.engine.support.hierarchical.ThrowableCollector.execute(ThrowableCollector.java:73)
¡u	at org.junit.jupiter.engine.descriptor.TestMethodTestDescriptor.invokeTestMethod(TestMethodTestDescriptor.java:212)
¡l	at org.junit.jupiter.engine.descriptor.TestMethodTestDescriptor.execute(TestMethodTestDescriptor.java:137)
¡k	at org.junit.jupiter.engine.descriptor.TestMethodTestDescriptor.execute(TestMethodTestDescriptor.java:69)
¡s	at org.junit.platform.engine.support.hierarchical.NodeTestTask.lambda$executeRecursively$6(NodeTestTask.java:156)
¡j	at org.junit.platform.engine.support.hierarchical.ThrowableCollector.execute(ThrowableCollector.java:73)
¡s	at org.junit.platform.engine.support.hierarchical.NodeTestTask.lambda$executeRecursively$8(NodeTestTask.java:146)
¡N	at org.junit.platform.engine.support.hierarchical.Node.around(Node.java:137)
¡s	at org.junit.platform.engine.support.hierarchical.NodeTestTask.lambda$executeRecursively$9(NodeTestTask.java:144)
¡j	at org.junit.platform.engine.support.hierarchical.ThrowableCollector.execute(ThrowableCollector.java:73)
¡j	at org.junit.platform.engine.support.hierarchical.NodeTestTask.executeRecursively(NodeTestTask.java:143)
¡_	at org.junit.platform.engine.support.hierarchical.NodeTestTask.execute(NodeTestTask.java:100)
¡?	at java.base/java.util.ArrayList.forEach(ArrayList.java:1511)
¡š	at org.junit.platform.engine.support.hierarchical.SameThreadHierarchicalTestExecutorService.invokeAll(SameThreadHierarchicalTestExecutorService.java:41)
¡s	at org.junit.platform.engine.support.hierarchical.NodeTestTask.lambda$executeRecursively$6(NodeTestTask.java:160)
¡j	at org.junit.platform.engine.support.hierarchical.ThrowableCollector.execute(ThrowableCollector.java:73)
¡s	at org.junit.platform.engine.support.hierarchical.NodeTestTask.lambda$executeRecursively$8(NodeTestTask.java:146)
¡N	at org.junit.platform.engine.support.hierarchical.Node.around(Node.java:137)
¡s	at org.junit.platform.engine.support.hierarchical.NodeTestTask.lambda$executeRecursively$9(NodeTestTask.java:144)
¡j	at org.junit.platform.engine.support.hierarchical.ThrowableCollector.execute(ThrowableCollector.java:73)
¡j	at org.junit.platform.engine.support.hierarchical.NodeTestTask.executeRecursively(NodeTestTask.java:143)
¡_	at org.junit.platform.engine.support.hierarchical.NodeTestTask.execute(NodeTestTask.java:100)
¡?	at java.base/java.util.ArrayList.forEach(ArrayList.java:1511)
¡š	at org.junit.platform.engine.support.hierarchical.SameThreadHierarchicalTestExecutorService.invokeAll(SameThreadHierarchicalTestExecutorService.java:41)
¡s	at org.junit.platform.engine.support.hierarchical.NodeTestTask.lambda$executeRecursively$6(NodeTestTask.java:160)
¡j	at org.junit.platform.engine.support.hierarchical.ThrowableCollector.execute(ThrowableCollector.java:73)
¡s	at org.junit.platform.engine.support.hierarchical.NodeTestTask.lambda$executeRecursively$8(NodeTestTask.java:146)
¡N	at org.junit.platform.engine.support.hierarchical.Node.around(Node.java:137)
¡s	at org.junit.platform.engine.support.hierarchical.NodeTestTask.lambda$executeRecursively$9(NodeTestTask.java:144)
¡j	at org.junit.platform.engine.support.hierarchical.ThrowableCollector.execute(ThrowableCollector.java:73)
¡j	at org.junit.platform.engine.support.hierarchical.NodeTestTask.executeRecursively(NodeTestTask.java:143)
¡_	at org.junit.platform.engine.support.hierarchical.NodeTestTask.execute(NodeTestTask.java:100)
¡—	at org.junit.platform.engine.support.hierarchical.SameThreadHierarchicalTestExecutorService.submit(SameThreadHierarchicalTestExecutorService.java:35)
¡v	at org.junit.platform.engine.support.hierarchical.HierarchicalTestExecutor.execute(HierarchicalTestExecutor.java:57)
¡r	at org.junit.platform.engine.support.hierarchical.HierarchicalTestEngine.execute(HierarchicalTestEngine.java:54)
¡o	at org.junit.platform.launcher.core.EngineExecutionOrchestrator.execute(EngineExecutionOrchestrator.java:201)
¡o	at org.junit.platform.launcher.core.EngineExecutionOrchestrator.execute(EngineExecutionOrchestrator.java:170)
¡n	at org.junit.platform.launcher.core.EngineExecutionOrchestrator.execute(EngineExecutionOrchestrator.java:94)
¡w	at org.junit.platform.launcher.core.EngineExecutionOrchestrator.lambda$execute$0(EngineExecutionOrchestrator.java:59)
¡~	at org.junit.platform.launcher.core.EngineExecutionOrchestrator.withInterceptedStreams(EngineExecutionOrchestrator.java:142)
¡n	at org.junit.platform.launcher.core.EngineExecutionOrchestrator.execute(EngineExecutionOrchestrator.java:58)
¡W	at org.junit.platform.launcher.core.DefaultLauncher.execute(DefaultLauncher.java:103)
¡V	at org.junit.platform.launcher.core.DefaultLauncher.execute(DefaultLauncher.java:85)
¡\	at org.junit.platform.launcher.core.DelegatingLauncher.execute(DelegatingLauncher.java:47)
¡i	at org.junit.platform.launcher.core.InterceptingLauncher.lambda$execute$1(InterceptingLauncher.java:39)
¡”	at org.junit.platform.launcher.core.ClasspathAlignmentCheckingLauncherInterceptor.intercept(ClasspathAlignmentCheckingLauncherInterceptor.java:25)
¡`	at org.junit.platform.launcher.core.InterceptingLauncher.execute(InterceptingLauncher.java:38)
¡\	at org.junit.platform.launcher.core.DelegatingLauncher.execute(DelegatingLauncher.java:47)
¡¶	at org.gradle.api.internal.tasks.testing.junitplatform.JUnitPlatformTestClassProcessor$CollectAllTestClassesExecutor.processAllTestClasses(JUnitPlatformTestClassProcessor.java:124)
¡ª	at org.gradle.api.internal.tasks.testing.junitplatform.JUnitPlatformTestClassProcessor$CollectAllTestClassesExecutor.access$000(JUnitPlatformTestClassProcessor.java:99)
¡†	at org.gradle.api.internal.tasks.testing.junitplatform.JUnitPlatformTestClassProcessor.stop(JUnitPlatformTestClassProcessor.java:94)
¡h	at org.gradle.api.internal.tasks.testing.SuiteTestClassProcessor.stop(SuiteTestClassProcessor.java:63)
¡S	at java.base/jdk.internal.reflect.NativeMethodAccessorImpl.invoke0(Native Method)
¡e	at java.base/jdk.internal.reflect.NativeMethodAccessorImpl.invoke(NativeMethodAccessorImpl.java:77)
¡m	at java.base/jdk.internal.reflect.DelegatingMethodAccessorImpl.invoke(DelegatingMethodAccessorImpl.java:43)
¡?	at java.base/java.lang.reflect.Method.invoke(Method.java:569)
¡Y	at org.gradle.internal.dispatch.ReflectionDispatch.dispatch(ReflectionDispatch.java:36)
¡Y	at org.gradle.internal.dispatch.ReflectionDispatch.dispatch(ReflectionDispatch.java:24)
¡i	at org.gradle.internal.dispatch.ContextClassLoaderDispatch.dispatch(ContextClassLoaderDispatch.java:33)
¡x	at org.gradle.internal.dispatch.ProxyDispatchAdapter$DispatchingInvocationHandler.invoke(ProxyDispatchAdapter.java:92)
¡7	at jdk.proxy1/jdk.proxy1.$Proxy4.stop(Unknown Source)
¡W	at org.gradle.api.internal.tasks.testing.worker.TestWorker$3.run(TestWorker.java:200)
¡n	at org.gradle.api.internal.tasks.testing.worker.TestWorker.executeAndMaintainThreadName(TestWorker.java:132)
¡Y	at org.gradle.api.internal.tasks.testing.worker.TestWorker.execute(TestWorker.java:103)
¡X	at org.gradle.api.internal.tasks.testing.worker.TestWorker.execute(TestWorker.java:63)
¡j	at org.gradle.process.internal.worker.child.ActionExecutionWorker.execute(ActionExecutionWorker.java:56)
¡‚	at org.gradle.process.internal.worker.child.SystemApplicationClassLoaderWorker.call(SystemApplicationClassLoaderWorker.java:122)
¡	at org.gradle.process.internal.worker.child.SystemApplicationClassLoaderWorker.call(SystemApplicationClassLoaderWorker.java:72)
¡]	at worker.org.gradle.process.internal.worker.GradleWorkerMain.run(GradleWorkerMain.java:69)
¡^	at worker.org.gradle.process.internal.worker.GradleWorkerMain.main(GradleWorkerMain.java:74)
¢¯14:18:53.351 [Test worker] INFO stirling.software.common.util.FileMonitor -- Monitoring directory: /var/folders/gb/1cfmwdw92j95zx7w1l0nkqq80000gp/T/junit-16282190574755965617
£®14:18:53.353 [Test worker] INFO stirling.software.common.util.FileMonitor -- Monitoring directory: /var/folders/gb/1cfmwdw92j95zx7w1l0nkqq80000gp/T/junit-6540582136642606755
¤®14:18:53.355 [Test worker] INFO stirling.software.common.util.FileMonitor -- Monitoring directory: /var/folders/gb/1cfmwdw92j95zx7w1l0nkqq80000gp/T/junit-5996196451726934697
¤½14:18:53.355 [Test worker] INFO stirling.software.common.util.FileMonitor -- File lock detected on /var/folders/gb/1cfmwdw92j95zx7w1l0nkqq80000gp/T/junit-5996196451726934697/test-directory
¥¯14:18:53.357 [Test worker] INFO stirling.software.common.util.FileMonitor -- Monitoring directory: /var/folders/gb/1cfmwdw92j95zx7w1l0nkqq80000gp/T/junit-17807300625297920472
§¨14:18:53.363 [Test worker] INFO stirling.software.common.util.ProcessExecutor -- Running command: /path/ -e utf-8 -v --pdf-forms /var/folders/gb/1cfmwdw92j95zx7w1l0nkqq80000gp/T/test13422824250410480847.html /var/folders/gb/1cfmwdw92j95zx7w1l0nkqq80000gp/T/test14840492336414214480.pdf
Ûİp14:18:54.328 [Test worker] INFO stirling.software.common.util.PdfUtils -- Image successfully overlayed onto PDF
Ûİo14:18:54.328 [Test worker] INFO stirling.software.common.util.PdfUtils -- PDF successfully saved to byte array
áàv14:18:54.331 [Test worker] INFO stirling.software.common.util.ProcessExecutor -- Running command: nonexistent-command
áâp14:18:54.335 [Test worker] INFO stirling.software.common.util.ProcessExecutor -- Running command: java -version
áâs14:18:54.360 [Thread-4] INFO stirling.software.common.util.ProcessExecutor -- openjdk version "17.0.15" 2025-04-15
áâ…14:18:54.360 [Thread-4] INFO stirling.software.common.util.ProcessExecutor -- OpenJDK Runtime Environment Homebrew (build 17.0.15+0)
áâ—14:18:54.360 [Thread-4] INFO stirling.software.common.util.ProcessExecutor -- OpenJDK 64-Bit Server VM Homebrew (build 17.0.15+0, mixed mode, sharing)
š™À14:18:54.419 [Test worker] ERROR stirling.software.common.util.SpringContextHolder -- Error getting bean of type stirling.software.common.util.SpringContextHolderTest$TestBean: Bean not found
ÄÃ14:18:54.510 [Test worker] INFO org.apache.pdfbox.pdmodel.font.FileSystemFontProvider -- 371 new font files found, font cache will be re-built
ÄÃŒ14:18:54.510 [Test worker] INFO org.apache.pdfbox.pdmodel.font.FileSystemFontProvider -- Building on-disk font cache, this may take a while
ÄÃÀ14:18:54.970 [Test worker] WARN org.apache.pdfbox.pdmodel.font.FileSystemFontProvider -- Could not load font file '/System/Library/Fonts/Supplemental/NISC18030.ttf': 'head' table is mandatory
ÄÃ14:18:55.683 [Test worker] INFO org.apache.pdfbox.pdmodel.font.FileSystemFontProvider -- Finished building on-disk font cache, found 768 fonts
ÚÙ14:18:56.321 [Test worker] ERROR stirling.software.common.util.propertyeditor.StringToArrayListPropertyEditor -- Exception while converting {}
ÚÙşcom.fasterxml.jackson.databind.exc.UnrecognizedPropertyException: Unrecognized field "invalid" (class stirling.software.common.model.api.security.RedactionArea), not marked as ignorable (6 known properties: "color", "width", "height", "x", "y", "page"])
ÚÙŞ at [Source: REDACTED (`StreamReadFeature.INCLUDE_SOURCE_IN_LOCATION` disabled); line: 1, column: 14] (through reference chain: java.util.ArrayList[0]->stirling.software.common.model.api.security.RedactionArea["invalid"])
ÚÙq	at com.fasterxml.jackson.databind.exc.UnrecognizedPropertyException.from(UnrecognizedPropertyException.java:61)
ÚÙr	at com.fasterxml.jackson.databind.DeserializationContext.handleUnknownProperty(DeserializationContext.java:1180)
ÚÙn	at com.fasterxml.jackson.databind.deser.std.StdDeserializer.handleUnknownProperty(StdDeserializer.java:2244)
ÚÙt	at com.fasterxml.jackson.databind.deser.BeanDeserializerBase.handleUnknownProperty(BeanDeserializerBase.java:1823)
ÚÙs	at com.fasterxml.jackson.databind.deser.BeanDeserializerBase.handleUnknownVanilla(BeanDeserializerBase.java:1801)
ÚÙh	at com.fasterxml.jackson.databind.deser.BeanDeserializer.vanillaDeserialize(BeanDeserializer.java:308)
ÚÙa	at com.fasterxml.jackson.databind.deser.BeanDeserializer.deserialize(BeanDeserializer.java:169)
ÚÙ~	at com.fasterxml.jackson.databind.deser.std.CollectionDeserializer._deserializeNoNullChecks(CollectionDeserializer.java:501)
ÚÙ{	at com.fasterxml.jackson.databind.deser.std.CollectionDeserializer._deserializeFromArray(CollectionDeserializer.java:358)
ÚÙq	at com.fasterxml.jackson.databind.deser.std.CollectionDeserializer.deserialize(CollectionDeserializer.java:245)
ÚÙp	at com.fasterxml.jackson.databind.deser.std.CollectionDeserializer.deserialize(CollectionDeserializer.java:29)
ÚÙ}	at com.fasterxml.jackson.databind.deser.DefaultDeserializationContext.readRootValue(DefaultDeserializationContext.java:342)
ÚÙY	at com.fasterxml.jackson.databind.ObjectMapper._readMapAndClose(ObjectMapper.java:4971)
ÚÙR	at com.fasterxml.jackson.databind.ObjectMapper.readValue(ObjectMapper.java:3887)
ÚÙR	at com.fasterxml.jackson.databind.ObjectMapper.readValue(ObjectMapper.java:3870)
ÚÙ„	at stirling.software.common.util.propertyeditor.StringToArrayListPropertyEditor.setAsText(StringToArrayListPropertyEditor.java:29)
ÚÙ«	at stirling.software.common.util.propertyeditor.StringToArrayListPropertyEditorTest.lambda$testSetAsText_InvalidStructure$1(StringToArrayListPropertyEditorTest.java:151)
ÚÙJ	at org.junit.jupiter.api.AssertThrows.assertThrows(AssertThrows.java:53)
ÚÙJ	at org.junit.jupiter.api.AssertThrows.assertThrows(AssertThrows.java:35)
ÚÙH	at org.junit.jupiter.api.Assertions.assertThrows(Assertions.java:3128)
ÚÙ¢	at stirling.software.common.util.propertyeditor.StringToArrayListPropertyEditorTest.testSetAsText_InvalidStructure(StringToArrayListPropertyEditorTest.java:151)
ÚÙS	at java.base/jdk.internal.reflect.NativeMethodAccessorImpl.invoke0(Native Method)
ÚÙe	at java.base/jdk.internal.reflect.NativeMethodAccessorImpl.invoke(NativeMethodAccessorImpl.java:77)
ÚÙm	at java.base/jdk.internal.reflect.DelegatingMethodAccessorImpl.invoke(DelegatingMethodAccessorImpl.java:43)
ÚÙ?	at java.base/java.lang.reflect.Method.invoke(Method.java:569)
ÚÙ[	at org.junit.platform.commons.util.ReflectionUtils.invokeMethod(ReflectionUtils.java:775)
ÚÙb	at org.junit.platform.commons.support.ReflectionSupport.invokeMethod(ReflectionSupport.java:479)
ÚÙZ	at org.junit.jupiter.engine.execution.MethodInvocation.proceed(MethodInvocation.java:60)
ÚÙ„	at org.junit.jupiter.engine.execution.InvocationInterceptorChain$ValidatingInvocation.proceed(InvocationInterceptorChain.java:131)
ÚÙ]	at org.junit.jupiter.engine.extension.TimeoutExtension.intercept(TimeoutExtension.java:161)
ÚÙk	at org.junit.jupiter.engine.extension.TimeoutExtension.interceptTestableMethod(TimeoutExtension.java:152)
ÚÙf	at org.junit.jupiter.engine.extension.TimeoutExtension.interceptTestMethod(TimeoutExtension.java:91)
ÚÙ	at org.junit.jupiter.engine.execution.InterceptingExecutableInvoker$ReflectiveInterceptorCall.lambda$ofVoidMethod$0(InterceptingExecutableInvoker.java:112)
ÚÙ|	at org.junit.jupiter.engine.execution.InterceptingExecutableInvoker.lambda$invoke$0(InterceptingExecutableInvoker.java:94)
ÚÙ…	at org.junit.jupiter.engine.execution.InvocationInterceptorChain$InterceptedInvocation.proceed(InvocationInterceptorChain.java:106)
ÚÙn	at org.junit.jupiter.engine.execution.InvocationInterceptorChain.proceed(InvocationInterceptorChain.java:64)
ÚÙu	at org.junit.jupiter.engine.execution.InvocationInterceptorChain.chainAndInvoke(InvocationInterceptorChain.java:45)
ÚÙm	at org.junit.jupiter.engine.execution.InvocationInterceptorChain.invoke(InvocationInterceptorChain.java:37)
ÚÙs	at org.junit.jupiter.engine.execution.InterceptingExecutableInvoker.invoke(InterceptingExecutableInvoker.java:93)
ÚÙs	at org.junit.jupiter.engine.execution.InterceptingExecutableInvoker.invoke(InterceptingExecutableInvoker.java:87)
ÚÙ~	at org.junit.jupiter.engine.descriptor.TestMethodTestDescriptor.lambda$invokeTestMethod$7(TestMethodTestDescriptor.java:216)
ÚÙj	at org.junit.platform.engine.support.hierarchical.ThrowableCollector.execute(ThrowableCollector.java:73)
ÚÙu	at org.junit.jupiter.engine.descriptor.TestMethodTestDescriptor.invokeTestMethod(TestMethodTestDescriptor.java:212)
ÚÙl	at org.junit.jupiter.engine.descriptor.TestMethodTestDescriptor.execute(TestMethodTestDescriptor.java:137)
ÚÙk	at org.junit.jupiter.engine.descriptor.TestMethodTestDescriptor.execute(TestMethodTestDescriptor.java:69)
ÚÙs	at org.junit.platform.engine.support.hierarchical.NodeTestTask.lambda$executeRecursively$6(NodeTestTask.java:156)
ÚÙj	at org.junit.platform.engine.support.hierarchical.ThrowableCollector.execute(ThrowableCollector.java:73)
ÚÙs	at org.junit.platform.engine.support.hierarchical.NodeTestTask.lambda$executeRecursively$8(NodeTestTask.java:146)
ÚÙN	at org.junit.platform.engine.support.hierarchical.Node.around(Node.java:137)
ÚÙs	at org.junit.platform.engine.support.hierarchical.NodeTestTask.lambda$executeRecursively$9(NodeTestTask.java:144)
ÚÙj	at org.junit.platform.engine.support.hierarchical.ThrowableCollector.execute(ThrowableCollector.java:73)
ÚÙj	at org.junit.platform.engine.support.hierarchical.NodeTestTask.executeRecursively(NodeTestTask.java:143)
ÚÙ_	at org.junit.platform.engine.support.hierarchical.NodeTestTask.execute(NodeTestTask.java:100)
ÚÙ?	at java.base/java.util.ArrayList.forEach(ArrayList.java:1511)
ÚÙš	at org.junit.platform.engine.support.hierarchical.SameThreadHierarchicalTestExecutorService.invokeAll(SameThreadHierarchicalTestExecutorService.java:41)
ÚÙs	at org.junit.platform.engine.support.hierarchical.NodeTestTask.lambda$executeRecursively$6(NodeTestTask.java:160)
ÚÙj	at org.junit.platform.engine.support.hierarchical.ThrowableCollector.execute(ThrowableCollector.java:73)
ÚÙs	at org.junit.platform.engine.support.hierarchical.NodeTestTask.lambda$executeRecursively$8(NodeTestTask.java:146)
ÚÙN	at org.junit.platform.engine.support.hierarchical.Node.around(Node.java:137)
ÚÙs	at org.junit.platform.engine.support.hierarchical.NodeTestTask.lambda$executeRecursively$9(NodeTestTask.java:144)
ÚÙj	at org.junit.platform.engine.support.hierarchical.ThrowableCollector.execute(ThrowableCollector.java:73)
ÚÙj	at org.junit.platform.engine.support.hierarchical.NodeTestTask.executeRecursively(NodeTestTask.java:143)
ÚÙ_	at org.junit.platform.engine.support.hierarchical.NodeTestTask.execute(NodeTestTask.java:100)
ÚÙ?	at java.base/java.util.ArrayList.forEach(ArrayList.java:1511)
ÚÙš	at org.junit.platform.engine.support.hierarchical.SameThreadHierarchicalTestExecutorService.invokeAll(SameThreadHierarchicalTestExecutorService.java:41)
ÚÙs	at org.junit.platform.engine.support.hierarchical.NodeTestTask.lambda$executeRecursively$6(NodeTestTask.java:160)
ÚÙj	at org.junit.platform.engine.support.hierarchical.ThrowableCollector.execute(ThrowableCollector.java:73)
ÚÙs	at org.junit.platform.engine.support.hierarchical.NodeTestTask.lambda$executeRecursively$8(NodeTestTask.java:146)
ÚÙN	at org.junit.platform.engine.support.hierarchical.Node.around(Node.java:137)
ÚÙs	at org.junit.platform.engine.support.hierarchical.NodeTestTask.lambda$executeRecursively$9(NodeTestTask.java:144)
ÚÙj	at org.junit.platform.engine.support.hierarchical.ThrowableCollector.execute(ThrowableCollector.java:73)
ÚÙj	at org.junit.platform.engine.support.hierarchical.NodeTestTask.executeRecursively(NodeTestTask.java:143)
ÚÙ_	at org.junit.platform.engine.support.hierarchical.NodeTestTask.execute(NodeTestTask.java:100)
ÚÙ—	at org.junit.platform.engine.support.hierarchical.SameThreadHierarchicalTestExecutorService.submit(SameThreadHierarchicalTestExecutorService.java:35)
ÚÙv	at org.junit.platform.engine.support.hierarchical.HierarchicalTestExecutor.execute(HierarchicalTestExecutor.java:57)
ÚÙr	at org.junit.platform.engine.support.hierarchical.HierarchicalTestEngine.execute(HierarchicalTestEngine.java:54)
ÚÙo	at org.junit.platform.launcher.core.EngineExecutionOrchestrator.execute(EngineExecutionOrchestrator.java:201)
ÚÙo	at org.junit.platform.launcher.core.EngineExecutionOrchestrator.execute(EngineExecutionOrchestrator.java:170)
ÚÙn	at org.junit.platform.launcher.core.EngineExecutionOrchestrator.execute(EngineExecutionOrchestrator.java:94)
ÚÙw	at org.junit.platform.launcher.core.EngineExecutionOrchestrator.lambda$execute$0(EngineExecutionOrchestrator.java:59)
ÚÙ~	at org.junit.platform.launcher.core.EngineExecutionOrchestrator.withInterceptedStreams(EngineExecutionOrchestrator.java:142)
ÚÙn	at org.junit.platform.launcher.core.EngineExecutionOrchestrator.execute(EngineExecutionOrchestrator.java:58)
ÚÙW	at org.junit.platform.launcher.core.DefaultLauncher.execute(DefaultLauncher.java:103)
ÚÙV	at org.junit.platform.launcher.core.DefaultLauncher.execute(DefaultLauncher.java:85)
ÚÙ\	at org.junit.platform.launcher.core.DelegatingLauncher.execute(DelegatingLauncher.java:47)
ÚÙi	at org.junit.platform.launcher.core.InterceptingLauncher.lambda$execute$1(InterceptingLauncher.java:39)
ÚÙ”	at org.junit.platform.launcher.core.ClasspathAlignmentCheckingLauncherInterceptor.intercept(ClasspathAlignmentCheckingLauncherInterceptor.java:25)
ÚÙ`	at org.junit.platform.launcher.core.InterceptingLauncher.execute(InterceptingLauncher.java:38)
ÚÙ\	at org.junit.platform.launcher.core.DelegatingLauncher.execute(DelegatingLauncher.java:47)
ÚÙ¶	at org.gradle.api.internal.tasks.testing.junitplatform.JUnitPlatformTestClassProcessor$CollectAllTestClassesExecutor.processAllTestClasses(JUnitPlatformTestClassProcessor.java:124)
ÚÙª	at org.gradle.api.internal.tasks.testing.junitplatform.JUnitPlatformTestClassProcessor$CollectAllTestClassesExecutor.access$000(JUnitPlatformTestClassProcessor.java:99)
ÚÙ†	at org.gradle.api.internal.tasks.testing.junitplatform.JUnitPlatformTestClassProcessor.stop(JUnitPlatformTestClassProcessor.java:94)
ÚÙh	at org.gradle.api.internal.tasks.testing.SuiteTestClassProcessor.stop(SuiteTestClassProcessor.java:63)
ÚÙS	at java.base/jdk.internal.reflect.NativeMethodAccessorImpl.invoke0(Native Method)
ÚÙe	at java.base/jdk.internal.reflect.NativeMethodAccessorImpl.invoke(NativeMethodAccessorImpl.java:77)
ÚÙm	at java.base/jdk.internal.reflect.DelegatingMethodAccessorImpl.invoke(DelegatingMethodAccessorImpl.java:43)
ÚÙ?	at java.base/java.lang.reflect.Method.invoke(Method.java:569)
ÚÙY	at org.gradle.internal.dispatch.ReflectionDispatch.dispatch(ReflectionDispatch.java:36)
ÚÙY	at org.gradle.internal.dispatch.ReflectionDispatch.dispatch(ReflectionDispatch.java:24)
ÚÙi	at org.gradle.internal.dispatch.ContextClassLoaderDispatch.dispatch(ContextClassLoaderDispatch.java:33)
ÚÙx	at org.gradle.internal.dispatch.ProxyDispatchAdapter$DispatchingInvocationHandler.invoke(ProxyDispatchAdapter.java:92)
ÚÙ7	at jdk.proxy1/jdk.proxy1.$Proxy4.stop(Unknown Source)
ÚÙW	at org.gradle.api.internal.tasks.testing.worker.TestWorker$3.run(TestWorker.java:200)
ÚÙn	at org.gradle.api.internal.tasks.testing.worker.TestWorker.executeAndMaintainThreadName(TestWorker.java:132)
ÚÙY	at org.gradle.api.internal.tasks.testing.worker.TestWorker.execute(TestWorker.java:103)
ÚÙX	at org.gradle.api.internal.tasks.testing.worker.TestWorker.execute(TestWorker.java:63)
ÚÙj	at org.gradle.process.internal.worker.child.ActionExecutionWorker.execute(ActionExecutionWorker.java:56)
ÚÙ‚	at org.gradle.process.internal.worker.child.SystemApplicationClassLoaderWorker.call(SystemApplicationClassLoaderWorker.java:122)
ÚÙ	at org.gradle.process.internal.worker.child.SystemApplicationClassLoaderWorker.call(SystemApplicationClassLoaderWorker.java:72)
ÚÙ]	at worker.org.gradle.process.internal.worker.GradleWorkerMain.run(GradleWorkerMain.java:69)
ÚÙ^	at worker.org.gradle.process.internal.worker.GradleWorkerMain.main(GradleWorkerMain.java:74)
Úİ14:18:56.324 [Test worker] ERROR stirling.software.common.util.propertyeditor.StringToArrayListPropertyEditor -- Exception while converting {}
Úİ£com.fasterxml.jackson.core.JsonParseException: Unrecognized token 'invalid': was expecting (JSON String, Number, Array, Object or token 'null', 'true' or 'false')
Úİe at [Source: REDACTED (`StreamReadFeature.INCLUDE_SOURCE_IN_LOCATION` disabled); line: 1, column: 8]
ÚİP	at com.fasterxml.jackson.core.JsonParser._constructError(JsonParser.java:2596)
ÚİX	at com.fasterxml.jackson.core.JsonParser._constructReadException(JsonParser.java:2622)
ÚİX	at com.fasterxml.jackson.core.JsonParser._constructReadException(JsonParser.java:2630)
Úİ_	at com.fasterxml.jackson.core.base.ParserMinimalBase._reportError(ParserMinimalBase.java:830)
Úİo	at com.fasterxml.jackson.core.json.ReaderBasedJsonParser._reportInvalidToken(ReaderBasedJsonParser.java:3017)
Úİk	at com.fasterxml.jackson.core.json.ReaderBasedJsonParser._handleOddValue(ReaderBasedJsonParser.java:2051)
Úİd	at com.fasterxml.jackson.core.json.ReaderBasedJsonParser.nextToken(ReaderBasedJsonParser.java:780)
ÚİX	at com.fasterxml.jackson.databind.ObjectMapper._initForReading(ObjectMapper.java:5058)
ÚİY	at com.fasterxml.jackson.databind.ObjectMapper._readMapAndClose(ObjectMapper.java:4961)
ÚİR	at com.fasterxml.jackson.databind.ObjectMapper.readValue(ObjectMapper.java:3887)
ÚİR	at com.fasterxml.jackson.databind.ObjectMapper.readValue(ObjectMapper.java:3870)
Úİ„	at stirling.software.common.util.propertyeditor.StringToArrayListPropertyEditor.setAsText(StringToArrayListPropertyEditor.java:29)
Úİ¦	at stirling.software.common.util.propertyeditor.StringToArrayListPropertyEditorTest.lambda$testSetAsText_InvalidJson$0(StringToArrayListPropertyEditorTest.java:142)
ÚİJ	at org.junit.jupiter.api.AssertThrows.assertThrows(AssertThrows.java:53)
ÚİJ	at org.junit.jupiter.api.AssertThrows.assertThrows(AssertThrows.java:35)
ÚİH	at org.junit.jupiter.api.Assertions.assertThrows(Assertions.java:3128)
Úİ	at stirling.software.common.util.propertyeditor.StringToArrayListPropertyEditorTest.testSetAsText_InvalidJson(StringToArrayListPropertyEditorTest.java:142)
ÚİS	at java.base/jdk.internal.reflect.NativeMethodAccessorImpl.invoke0(Native Method)
Úİe	at java.base/jdk.internal.reflect.NativeMethodAccessorImpl.invoke(NativeMethodAccessorImpl.java:77)
Úİm	at java.base/jdk.internal.reflect.DelegatingMethodAccessorImpl.invoke(DelegatingMethodAccessorImpl.java:43)
Úİ?	at java.base/java.lang.reflect.Method.invoke(Method.java:569)
Úİ[	at org.junit.platform.commons.util.ReflectionUtils.invokeMethod(ReflectionUtils.java:775)
Úİb	at org.junit.platform.commons.support.ReflectionSupport.invokeMethod(ReflectionSupport.java:479)
ÚİZ	at org.junit.jupiter.engine.execution.MethodInvocation.proceed(MethodInvocation.java:60)
Úİ„	at org.junit.jupiter.engine.execution.InvocationInterceptorChain$ValidatingInvocation.proceed(InvocationInterceptorChain.java:131)
Úİ]	at org.junit.jupiter.engine.extension.TimeoutExtension.intercept(TimeoutExtension.java:161)
Úİk	at org.junit.jupiter.engine.extension.TimeoutExtension.interceptTestableMethod(TimeoutExtension.java:152)
Úİf	at org.junit.jupiter.engine.extension.TimeoutExtension.interceptTestMethod(TimeoutExtension.java:91)
Úİ	at org.junit.jupiter.engine.execution.InterceptingExecutableInvoker$ReflectiveInterceptorCall.lambda$ofVoidMethod$0(InterceptingExecutableInvoker.java:112)
Úİ|	at org.junit.jupiter.engine.execution.InterceptingExecutableInvoker.lambda$invoke$0(InterceptingExecutableInvoker.java:94)
Úİ…	at org.junit.jupiter.engine.execution.InvocationInterceptorChain$InterceptedInvocation.proceed(InvocationInterceptorChain.java:106)
Úİn	at org.junit.jupiter.engine.execution.InvocationInterceptorChain.proceed(InvocationInterceptorChain.java:64)
Úİu	at org.junit.jupiter.engine.execution.InvocationInterceptorChain.chainAndInvoke(InvocationInterceptorChain.java:45)
Úİm	at org.junit.jupiter.engine.execution.InvocationInterceptorChain.invoke(InvocationInterceptorChain.java:37)
Úİs	at org.junit.jupiter.engine.execution.InterceptingExecutableInvoker.invoke(InterceptingExecutableInvoker.java:93)
Úİs	at org.junit.jupiter.engine.execution.InterceptingExecutableInvoker.invoke(InterceptingExecutableInvoker.java:87)
Úİ~	at org.junit.jupiter.engine.descriptor.TestMethodTestDescriptor.lambda$invokeTestMethod$7(TestMethodTestDescriptor.java:216)
Úİj	at org.junit.platform.engine.support.hierarchical.ThrowableCollector.execute(ThrowableCollector.java:73)
Úİu	at org.junit.jupiter.engine.descriptor.TestMethodTestDescriptor.invokeTestMethod(TestMethodTestDescriptor.java:212)
Úİl	at org.junit.jupiter.engine.descriptor.TestMethodTestDescriptor.execute(TestMethodTestDescriptor.java:137)
Úİk	at org.junit.jupiter.engine.descriptor.TestMethodTestDescriptor.execute(TestMethodTestDescriptor.java:69)
Úİs	at org.junit.platform.engine.support.hierarchical.NodeTestTask.lambda$executeRecursively$6(NodeTestTask.java:156)
Úİj	at org.junit.platform.engine.support.hierarchical.ThrowableCollector.execute(ThrowableCollector.java:73)
Úİs	at org.junit.platform.engine.support.hierarchical.NodeTestTask.lambda$executeRecursively$8(NodeTestTask.java:146)
ÚİN	at org.junit.platform.engine.support.hierarchical.Node.around(Node.java:137)
Úİs	at org.junit.platform.engine.support.hierarchical.NodeTestTask.lambda$executeRecursively$9(NodeTestTask.java:144)
Úİj	at org.junit.platform.engine.support.hierarchical.ThrowableCollector.execute(ThrowableCollector.java:73)
Úİj	at org.junit.platform.engine.support.hierarchical.NodeTestTask.executeRecursively(NodeTestTask.java:143)
Úİ_	at org.junit.platform.engine.support.hierarchical.NodeTestTask.execute(NodeTestTask.java:100)
Úİ?	at java.base/java.util.ArrayList.forEach(ArrayList.java:1511)
Úİš	at org.junit.platform.engine.support.hierarchical.SameThreadHierarchicalTestExecutorService.invokeAll(SameThreadHierarchicalTestExecutorService.java:41)
Úİs	at org.junit.platform.engine.support.hierarchical.NodeTestTask.lambda$executeRecursively$6(NodeTestTask.java:160)
Úİj	at org.junit.platform.engine.support.hierarchical.ThrowableCollector.execute(ThrowableCollector.java:73)
Úİs	at org.junit.platform.engine.support.hierarchical.NodeTestTask.lambda$executeRecursively$8(NodeTestTask.java:146)
ÚİN	at org.junit.platform.engine.support.hierarchical.Node.around(Node.java:137)
Úİs	at org.junit.platform.engine.support.hierarchical.NodeTestTask.lambda$executeRecursively$9(NodeTestTask.java:144)
Úİj	at org.junit.platform.engine.support.hierarchical.ThrowableCollector.execute(ThrowableCollector.java:73)
Úİj	at org.junit.platform.engine.support.hierarchical.NodeTestTask.executeRecursively(NodeTestTask.java:143)
Úİ_	at org.junit.platform.engine.support.hierarchical.NodeTestTask.execute(NodeTestTask.java:100)
Úİ?	at java.base/java.util.ArrayList.forEach(ArrayList.java:1511)
Úİš	at org.junit.platform.engine.support.hierarchical.SameThreadHierarchicalTestExecutorService.invokeAll(SameThreadHierarchicalTestExecutorService.java:41)
Úİs	at org.junit.platform.engine.support.hierarchical.NodeTestTask.lambda$executeRecursively$6(NodeTestTask.java:160)
Úİj	at org.junit.platform.engine.support.hierarchical.ThrowableCollector.execute(ThrowableCollector.java:73)
Úİs	at org.junit.platform.engine.support.hierarchical.NodeTestTask.lambda$executeRecursively$8(NodeTestTask.java:146)
ÚİN	at org.junit.platform.engine.support.hierarchical.Node.around(Node.java:137)
Úİs	at org.junit.platform.engine.support.hierarchical.NodeTestTask.lambda$executeRecursively$9(NodeTestTask.java:144)
Úİj	at org.junit.platform.engine.support.hierarchical.ThrowableCollector.execute(ThrowableCollector.java:73)
Úİj	at org.junit.platform.engine.support.hierarchical.NodeTestTask.executeRecursively(NodeTestTask.java:143)
Úİ_	at org.junit.platform.engine.support.hierarchical.NodeTestTask.execute(NodeTestTask.java:100)
Úİ—	at org.junit.platform.engine.support.hierarchical.SameThreadHierarchicalTestExecutorService.submit(SameThreadHierarchicalTestExecutorService.java:35)
Úİv	at org.junit.platform.engine.support.hierarchical.HierarchicalTestExecutor.execute(HierarchicalTestExecutor.java:57)
Úİr	at org.junit.platform.engine.support.hierarchical.HierarchicalTestEngine.execute(HierarchicalTestEngine.java:54)
Úİo	at org.junit.platform.launcher.core.EngineExecutionOrchestrator.execute(EngineExecutionOrchestrator.java:201)
Úİo	at org.junit.platform.launcher.core.EngineExecutionOrchestrator.execute(EngineExecutionOrchestrator.java:170)
Úİn	at org.junit.platform.launcher.core.EngineExecutionOrchestrator.execute(EngineExecutionOrchestrator.java:94)
Úİw	at org.junit.platform.launcher.core.EngineExecutionOrchestrator.lambda$execute$0(EngineExecutionOrchestrator.java:59)
Úİ~	at org.junit.platform.launcher.core.EngineExecutionOrchestrator.withInterceptedStreams(EngineExecutionOrchestrator.java:142)
Úİn	at org.junit.platform.launcher.core.EngineExecutionOrchestrator.execute(EngineExecutionOrchestrator.java:58)
ÚİW	at org.junit.platform.launcher.core.DefaultLauncher.execute(DefaultLauncher.java:103)
ÚİV	at org.junit.platform.launcher.core.DefaultLauncher.execute(DefaultLauncher.java:85)
Úİ\	at org.junit.platform.launcher.core.DelegatingLauncher.execute(DelegatingLauncher.java:47)
Úİi	at org.junit.platform.launcher.core.InterceptingLauncher.lambda$execute$1(InterceptingLauncher.java:39)
Úİ”	at org.junit.platform.launcher.core.ClasspathAlignmentCheckingLauncherInterceptor.intercept(ClasspathAlignmentCheckingLauncherInterceptor.java:25)
Úİ`	at org.junit.platform.launcher.core.InterceptingLauncher.execute(InterceptingLauncher.java:38)
Úİ\	at org.junit.platform.launcher.core.DelegatingLauncher.execute(DelegatingLauncher.java:47)
Úİ¶	at org.gradle.api.internal.tasks.testing.junitplatform.JUnitPlatformTestClassProcessor$CollectAllTestClassesExecutor.processAllTestClasses(JUnitPlatformTestClassProcessor.java:124)
Úİª	at org.gradle.api.internal.tasks.testing.junitplatform.JUnitPlatformTestClassProcessor$CollectAllTestClassesExecutor.access$000(JUnitPlatformTestClassProcessor.java:99)
Úİ†	at org.gradle.api.internal.tasks.testing.junitplatform.JUnitPlatformTestClassProcessor.stop(JUnitPlatformTestClassProcessor.java:94)
Úİh	at org.gradle.api.internal.tasks.testing.SuiteTestClassProcessor.stop(SuiteTestClassProcessor.java:63)
ÚİS	at java.base/jdk.internal.reflect.NativeMethodAccessorImpl.invoke0(Native Method)
Úİe	at java.base/jdk.internal.reflect.NativeMethodAccessorImpl.invoke(NativeMethodAccessorImpl.java:77)
Úİm	at java.base/jdk.internal.reflect.DelegatingMethodAccessorImpl.invoke(DelegatingMethodAccessorImpl.java:43)
Úİ?	at java.base/java.lang.reflect.Method.invoke(Method.java:569)
ÚİY	at org.gradle.internal.dispatch.ReflectionDispatch.dispatch(ReflectionDispatch.java:36)
ÚİY	at org.gradle.internal.dispatch.ReflectionDispatch.dispatch(ReflectionDispatch.java:24)
Úİi	at org.gradle.internal.dispatch.ContextClassLoaderDispatch.dispatch(ContextClassLoaderDispatch.java:33)
Úİx	at org.gradle.internal.dispatch.ProxyDispatchAdapter$DispatchingInvocationHandler.invoke(ProxyDispatchAdapter.java:92)
Úİ7	at jdk.proxy1/jdk.proxy1.$Proxy4.stop(Unknown Source)
ÚİW	at org.gradle.api.internal.tasks.testing.worker.TestWorker$3.run(TestWorker.java:200)
Úİn	at org.gradle.api.internal.tasks.testing.worker.TestWorker.executeAndMaintainThreadName(TestWorker.java:132)
ÚİY	at org.gradle.api.internal.tasks.testing.worker.TestWorker.execute(TestWorker.java:103)
ÚİX	at org.gradle.api.internal.tasks.testing.worker.TestWorker.execute(TestWorker.java:63)
Úİj	at org.gradle.process.internal.worker.child.ActionExecutionWorker.execute(ActionExecutionWorker.java:56)
Úİ‚	at org.gradle.process.internal.worker.child.SystemApplicationClassLoaderWorker.call(SystemApplicationClassLoaderWorker.java:122)
Úİ	at org.gradle.process.internal.worker.child.SystemApplicationClassLoaderWorker.call(SystemApplicationClassLoaderWorker.java:72)
Úİ]	at worker.org.gradle.process.internal.worker.GradleWorkerMain.run(GradleWorkerMain.java:69)
Úİ^	at worker.org.gradle.process.internal.worker.GradleWorkerMain.main(GradleWorkerMain.java:74)
